-------------------------------------------------------------------------------
Test set: br.com.sns_ilab.sns.SnsApplicationTests
-------------------------------------------------------------------------------
Tests run: 1, Failures: 0, Errors: 1, Skipped: 0, Time elapsed: 0.237 s <<< FAILURE! - in br.com.sns_ilab.sns.SnsApplicationTests
br.com.sns_ilab.sns.SnsApplicationTests  Time elapsed: 0.236 s  <<< ERROR!
java.lang.IllegalStateException: Unable to find a @SpringBootConfiguration, you need to use @ContextConfiguration or @SpringBootTest(classes=...) with your test

