<?xml version="1.0" encoding="UTF-8"?>
<testsuite xmlns:xsi="http://www.w3.org/2001/XMLSchema-instance" xsi:noNamespaceSchemaLocation="https://maven.apache.org/surefire/maven-surefire-plugin/xsd/surefire-test-report.xsd" name="br.com.sns_ilab.sns.SnsApplicationTests" time="0.237" tests="1" errors="1" skipped="0" failures="0">
  <properties>
[...]
</properties>
  <testcase name="br.com.sns_ilab.sns.SnsApplicationTests" classname="br.com.sns_ilab.sns.SnsApplicationTests" time="0.236">
    <error message="Unable to find a @SpringBootConfiguration, you need to use @ContextConfiguration or @SpringBootTest(classes=...) with your test" type="java.lang.IllegalStateException">java.lang.IllegalStateException: Unable to find a @SpringBootConfiguration, you need to use @ContextConfiguration or @SpringBootTest(classes=...) with your test
</error>
    <system-out><![CDATA[16:32:50.040 [main] DEBUG org.springframework.test.context.BootstrapUtils - Instantiating CacheAwareContextLoaderDelegate from class [org.springframework.test.context.cache.DefaultCacheAwareContextLoaderDelegate]
16:32:50.050 [main] DEBUG org.springframework.test.context.BootstrapUtils - Instantiating BootstrapContext using constructor [public org.springframework.test.context.support.DefaultBootstrapContext(java.lang.Class,org.springframework.test.context.CacheAwareContextLoaderDelegate)]
16:32:50.084 [main] DEBUG org.springframework.test.context.BootstrapUtils - Instantiating TestContextBootstrapper for test class [br.com.sns_ilab.sns.SnsApplicationTests] from class [org.springframework.boot.test.context.SpringBootTestContextBootstrapper]
16:32:50.096 [main] INFO org.springframework.boot.test.context.SpringBootTestContextBootstrapper - Neither @ContextConfiguration nor @ContextHierarchy found for test class [br.com.sns_ilab.sns.SnsApplicationTests], using SpringBootContextLoader
16:32:50.100 [main] DEBUG org.springframework.test.context.support.AbstractContextLoader - Did not detect default resource location for test class [br.com.sns_ilab.sns.SnsApplicationTests]: class path resource [br/com/sns_ilab/sns/SnsApplicationTests-context.xml] does not exist
16:32:50.101 [main] DEBUG org.springframework.test.context.support.AbstractContextLoader - Did not detect default resource location for test class [br.com.sns_ilab.sns.SnsApplicationTests]: class path resource [br/com/sns_ilab/sns/SnsApplicationTestsContext.groovy] does not exist
16:32:50.101 [main] INFO org.springframework.test.context.support.AbstractContextLoader - Could not detect default resource locations for test class [br.com.sns_ilab.sns.SnsApplicationTests]: no resource found for suffixes {-context.xml, Context.groovy}.
16:32:50.101 [main] INFO org.springframework.test.context.support.AnnotationConfigContextLoaderUtils - Could not detect default configuration classes for test class [br.com.sns_ilab.sns.SnsApplicationTests]: SnsApplicationTests does not declare any static, non-private, non-final, nested classes annotated with @Configuration.
16:32:50.143 [main] DEBUG org.springframework.test.context.support.ActiveProfilesUtils - Could not find an 'annotation declaring class' for annotation type [org.springframework.test.context.ActiveProfiles] and class [br.com.sns_ilab.sns.SnsApplicationTests]
]]></system-out>
  </testcase>
</testsuite>